A51 MACRO ASSEMBLER  EXP5                                                                 02/17/2024 14:57:16 PAGE     1


MACRO ASSEMBLER A51 V8.2.7.0
OBJECT MODULE PLACED IN .\Objects\Exp5.obj
ASSEMBLER INVOKED BY: C:\Keil_v5\C51\BIN\A51.EXE Exp5.a51 SET(SMALL) DEBUG PRINT(.\Listings\Exp5.lst) OBJECT(.\Objects\E
                      xp5.obj) EP

LOC  OBJ            LINE     SOURCE

                       1     
                       2     
                       3     
                       4     
                       5     
                       6     
                       7             
                       8     
                       9     
                      10     
                      11     
                      12     
                      13     
                      14     
                      15                     
                      16     
                      17     
                      18     
                      19     
                      20     
                      21     
                      22     
                      23     
                      24     
                      25     
                      26     
                      27     
                      28     
                      29     
                      30     
                      31     
                      32     
                      33     
                      34     
                      35     
                      36     
                      37     
                      38     
                      39     
                      40     
                      41     
                      42     
                      43     
                      44     
                      45     
                      46     
                      47     
                      48     
                      49     
                      50     
                      51     
                      52     
                      53     
                      54     
                      55     
                      56     
                      57     
A51 MACRO ASSEMBLER  EXP5                                                                 02/17/2024 14:57:16 PAGE     2

                      58     
                      59     
                      60                     
                      61     
                      62     
                      63     
                      64     
                      65     
                      66     
                      67     
                      68     
                      69     
                      70     
                      71     
                      72     
0000                  73     ORG 0000H
0000 7849             74         MOV R0, #49H   
0002 794E             75         MOV R1, #4EH   
0004 7A0A             76         MOV R2, #0AH   
                      77         
0006 E6               78         LOC1: MOV A, @R0  
0007 F7               79               MOV @R1, A  
0008 18               80               DEC R0      
0009 19               81               DEC R1      
000A DAFA             82               DJNZ R2, LOC1  
                      83         END
                                             
A51 MACRO ASSEMBLER  EXP5                                                                 02/17/2024 14:57:16 PAGE     3

SYMBOL TABLE LISTING
------ ----- -------


N A M E             T Y P E  V A L U E   ATTRIBUTES

LOC1 . . . . . . .  C ADDR   0006H   A   


REGISTER BANK(S) USED: 0 


ASSEMBLY COMPLETE.  0 WARNING(S), 0 ERROR(S)
