A51 MACRO ASSEMBLER  EXP7                                                                 03/08/2024 15:10:09 PAGE     1


MACRO ASSEMBLER A51 V8.2.7.0
OBJECT MODULE PLACED IN .\Objects\EXP7.obj
ASSEMBLER INVOKED BY: C:\Keil_v5\C51\BIN\A51.EXE EXP7.a51 SET(SMALL) DEBUG PRINT(.\Listings\EXP7.lst) OBJECT(.\Objects\E
                      XP7.obj) EP

LOC  OBJ            LINE     SOURCE

                       1     
                       2     
                       3     
                       4     
                       5     
                       6     
                       7     
                       8     
                       9     
                      10     
                      11     
                      12     
                      13             
                      14     
                      15     
                      16     
                      17     
                      18     
                      19     
                      20     
                      21     
                      22     
                      23     
                      24     
                      25     
                      26             
0000                  27     ORG 0000H
0000 E550             28             MOV A,50H
0002 C3               29             CLR C
0003 940A             30             SUBB A,#0AH
0005 4004             31             JC HERE
0007 2441             32             ADD A,#41H
0009 8004             33             SJMP RESULT
000B E550             34             HERE: MOV A,50H
000D 2430             35             ADD A,#30H
000F F554             36             RESULT: MOV 54H,A
                      37             END
                                             
                                     
                                     
                                             
                                             
A51 MACRO ASSEMBLER  EXP7                                                                 03/08/2024 15:10:09 PAGE     2

SYMBOL TABLE LISTING
------ ----- -------


N A M E             T Y P E  V A L U E   ATTRIBUTES

HERE . . . . . . .  C ADDR   000BH   A   
RESULT . . . . . .  C ADDR   000FH   A   


REGISTER BANK(S) USED: 0 


ASSEMBLY COMPLETE.  0 WARNING(S), 0 ERROR(S)
