C51 COMPILER V9.60.7.0   EXP8                                                              03/22/2024 15:23:22 PAGE 1   


C51 COMPILER V9.60.7.0, COMPILATION OF MODULE EXP8
OBJECT MODULE PLACED IN .\Objects\EXP8.obj
COMPILER INVOKED BY: C:\Keil_v5\C51\BIN\C51.EXE EXP8.c OPTIMIZE(8,SPEED) BROWSE DEBUG OBJECTEXTEND PRINT(.\Listings\EXP8
                    -.lst) TABS(2) OBJECT(.\Objects\EXP8.obj)

line level    source

   1          #include<reg51.h>
   2          
   3          /*void delay(int);
   4          
   5          void main()
   6          {
   7            P1=0x00;
   8            while(1)
   9            {
  10              P1=0xff;
  11              delay(500);
  12              P1=0x00;
  13              delay(500);
  14            }
  15          }
  16          void delay(int t){
  17            unsigned int i,j;
  18            for(i=0;i<t;i++){
  19              for(j=0;j<t;j++){
  20                ;
  21              }
  22            }
  23          }*/
  24          
  25          /*void delay(int);
  26          
  27          void main()
  28          {
  29            P1=0x00;
  30            while(1)
  31            {
  32              P1=0xaa;
  33              delay(500);
  34              P1=0x55;
  35              delay(500);
  36            }
  37          }
  38          void delay(int t){
  39            unsigned int i,j;
  40            for(i=0;i<t;i++){
  41              for(j=0;j<t;j++){
  42                ;
  43              }
  44            }
  45          }*/
  46          
  47          /*void delay(int);
  48          
  49          void main()
  50          {
  51            P1=0x01;
  52            while(1)
  53            {
  54              if(P1==0x00){
C51 COMPILER V9.60.7.0   EXP8                                                              03/22/2024 15:23:22 PAGE 2   

  55                P1=0x01;
  56              }
  57              delay(500);
  58              P1=P1<<1;
  59            }
  60          }
  61          
  62          void delay(int t){
  63            unsigned int i,j;
  64            for(i=0;i<t;i++){
  65              for(j=0;j<t;j++){
  66                ;
  67              }
  68            }
  69          }*/
  70          
  71          /*void delay(int);
  72          unsigned int x;
  73          void main()
  74          {
  75            P1=0x80;
  76            x=P1;
  77            while(1)
  78            {
  79              delay(500);
  80              if(P1==0xff){
  81                P1=0x80;
  82              }
  83              else{
  84                P1=x|P1>>1;
  85              }
  86              x=P1;
  87            }
  88          }
  89          
  90          void delay(int t){
  91            unsigned int i,j;
  92            for(i=0;i<t;i++){
  93              for(j=0;j<t;j++){
  94                ;
  95              }
  96            }
  97          }*/
  98          
  99          void delay(int);
 100          unsigned int x;
 101          void main()
 102          {
 103   1        P1=0x01;
 104   1        x=P1;
 105   1        while(1)
 106   1        {
 107   2          delay(500);
 108   2          if(P1==0xff){
 109   3            P1=0x01;
 110   3          }
 111   2          else{
 112   3            P1=x|P1<<1;
 113   3          }
 114   2          x=P1;
 115   2        }
 116   1      }
C51 COMPILER V9.60.7.0   EXP8                                                              03/22/2024 15:23:22 PAGE 3   

 117          
 118          void delay(int t){
 119   1        unsigned int i,j;
 120   1        for(i=0;i<t;i++){
 121   2          for(j=0;j<t;j++){
 122   3            ;
 123   3          }
 124   2        }
 125   1      }


MODULE INFORMATION:   STATIC OVERLAYABLE
   CODE SIZE        =     79    ----
   CONSTANT SIZE    =   ----    ----
   XDATA SIZE       =   ----    ----
   PDATA SIZE       =   ----    ----
   DATA SIZE        =      2    ----
   IDATA SIZE       =   ----    ----
   BIT SIZE         =   ----    ----
END OF MODULE INFORMATION.


C51 COMPILATION COMPLETE.  0 WARNING(S),  0 ERROR(S)
